2018-06-13 15:30:44.285  INFO 19052 --- [main] i.task.tasker.TaskerApplication          : Starting TaskerApplication on Lyutiy-PC with PID 19052 (D:\IdeaProjects\eventBotFINISHED\target\classes started by Furios in D:\IdeaProjects\eventBotFINISHED)
2018-06-13 15:30:44.343  INFO 19052 --- [main] i.task.tasker.TaskerApplication          : No active profile set, falling back to default profiles: default
2018-06-13 15:30:44.504  INFO 19052 --- [main] ConfigServletWebServerApplicationContext : Refreshing org.springframework.boot.web.servlet.context.AnnotationConfigServletWebServerApplicationContext@794cb805: startup date [Wed Jun 13 15:30:44 EEST 2018]; root of context hierarchy
2018-06-13 15:30:46.435  INFO 19052 --- [main] o.s.b.w.embedded.tomcat.TomcatWebServer  : Tomcat initialized with port(s): 8080 (http)
2018-06-13 15:30:46.460  INFO 19052 --- [main] o.apache.catalina.core.StandardService   : Starting service [Tomcat]
2018-06-13 15:30:46.460  INFO 19052 --- [main] org.apache.catalina.core.StandardEngine  : Starting Servlet Engine: Apache Tomcat/8.5.29
2018-06-13 15:30:46.465  INFO 19052 --- [localhost-startStop-1] o.a.catalina.core.AprLifecycleListener   : The APR based Apache Tomcat Native library which allows optimal performance in production environments was not found on the java.library.path: [C:\Program Files\Java\jdk1.8.0_121\bin;C:\Windows\Sun\Java\bin;C:\Windows\system32;C:\Windows;C:\Program Files\Java\jdk1.8.0_121\bin;C:\Users\Лютий\AppData\Roaming\npm;C:\Users\Лютий\AppData\Local\Microsoft\WindowsApps;C:\Users\Лютий\AppData\Local\GitHubDesktop\bin;.]
2018-06-13 15:30:46.614  INFO 19052 --- [localhost-startStop-1] o.a.c.c.C.[Tomcat].[localhost].[/]       : Initializing Spring embedded WebApplicationContext
2018-06-13 15:30:46.614  INFO 19052 --- [localhost-startStop-1] o.s.web.context.ContextLoader            : Root WebApplicationContext: initialization completed in 2110 ms
2018-06-13 15:30:46.843  INFO 19052 --- [localhost-startStop-1] o.s.b.w.servlet.ServletRegistrationBean  : Servlet dispatcherServlet mapped to [/]
2018-06-13 15:30:46.848  INFO 19052 --- [localhost-startStop-1] o.s.b.w.servlet.FilterRegistrationBean   : Mapping filter: 'characterEncodingFilter' to: [/*]
2018-06-13 15:30:46.848  INFO 19052 --- [localhost-startStop-1] o.s.b.w.servlet.FilterRegistrationBean   : Mapping filter: 'hiddenHttpMethodFilter' to: [/*]
2018-06-13 15:30:46.849  INFO 19052 --- [localhost-startStop-1] o.s.b.w.servlet.FilterRegistrationBean   : Mapping filter: 'httpPutFormContentFilter' to: [/*]
2018-06-13 15:30:46.849  INFO 19052 --- [localhost-startStop-1] o.s.b.w.servlet.FilterRegistrationBean   : Mapping filter: 'requestContextFilter' to: [/*]
2018-06-13 15:30:47.286  INFO 19052 --- [main] o.s.w.s.handler.SimpleUrlHandlerMapping  : Mapped URL path [/**/favicon.ico] onto handler of type [class org.springframework.web.servlet.resource.ResourceHttpRequestHandler]
2018-06-13 15:30:47.475  INFO 19052 --- [main] s.w.s.m.m.a.RequestMappingHandlerAdapter : Looking for @ControllerAdvice: org.springframework.boot.web.servlet.context.AnnotationConfigServletWebServerApplicationContext@794cb805: startup date [Wed Jun 13 15:30:44 EEST 2018]; root of context hierarchy
2018-06-13 15:30:47.569  INFO 19052 --- [main] s.w.s.m.m.a.RequestMappingHandlerMapping : Mapped "{[/webhook],methods=[GET]}" onto public java.lang.String internship.task.tasker.controller.WebHookVerificationController.verify(java.lang.String,java.lang.String,java.lang.String)
2018-06-13 15:30:47.571  INFO 19052 --- [main] s.w.s.m.m.a.RequestMappingHandlerMapping : Mapped "{[/webhook],methods=[POST]}" onto public void internship.task.tasker.controller.WebHookVerificationController.receiveMessages(internship.task.tasker.domain.WebHookRepresentationJSON)
2018-06-13 15:30:47.577  INFO 19052 --- [main] s.w.s.m.m.a.RequestMappingHandlerMapping : Mapped "{[/error]}" onto public org.springframework.http.ResponseEntity<java.util.Map<java.lang.String, java.lang.Object>> org.springframework.boot.autoconfigure.web.servlet.error.BasicErrorController.error(javax.servlet.http.HttpServletRequest)
2018-06-13 15:30:47.579  INFO 19052 --- [main] s.w.s.m.m.a.RequestMappingHandlerMapping : Mapped "{[/error],produces=[text/html]}" onto public org.springframework.web.servlet.ModelAndView org.springframework.boot.autoconfigure.web.servlet.error.BasicErrorController.errorHtml(javax.servlet.http.HttpServletRequest,javax.servlet.http.HttpServletResponse)
2018-06-13 15:30:47.622  INFO 19052 --- [main] o.s.w.s.handler.SimpleUrlHandlerMapping  : Mapped URL path [/webjars/**] onto handler of type [class org.springframework.web.servlet.resource.ResourceHttpRequestHandler]
2018-06-13 15:30:47.623  INFO 19052 --- [main] o.s.w.s.handler.SimpleUrlHandlerMapping  : Mapped URL path [/**] onto handler of type [class org.springframework.web.servlet.resource.ResourceHttpRequestHandler]
2018-06-13 15:30:47.889  INFO 19052 --- [main] o.s.j.e.a.AnnotationMBeanExporter        : Registering beans for JMX exposure on startup
2018-06-13 15:30:47.930  INFO 19052 --- [main] o.s.b.w.embedded.tomcat.TomcatWebServer  : Tomcat started on port(s): 8080 (http) with context path ''
2018-06-13 15:30:47.934  INFO 19052 --- [main] i.task.tasker.TaskerApplication          : Started TaskerApplication in 4.415 seconds (JVM running for 5.332)
2018-06-13 15:31:11.288  INFO 19052 --- [http-nio-8080-exec-1] o.a.c.c.C.[Tomcat].[localhost].[/]       : Initializing Spring FrameworkServlet 'dispatcherServlet'
2018-06-13 15:31:11.288  INFO 19052 --- [http-nio-8080-exec-1] o.s.web.servlet.DispatcherServlet        : FrameworkServlet 'dispatcherServlet': initialization started
2018-06-13 15:31:11.448  INFO 19052 --- [http-nio-8080-exec-1] o.s.web.servlet.DispatcherServlet        : FrameworkServlet 'dispatcherServlet': initialization completed in 159 ms
2018-06-13 15:31:11.874  INFO 19052 --- [http-nio-8080-exec-1] i.t.t.m.DecisionMakingAnswerService      : Received message
2018-06-13 15:31:11.875  INFO 19052 --- [http-nio-8080-exec-1] i.t.t.m.DecisionMakingAnswerService      : Calling postback executor
2018-06-13 15:31:11.876  INFO 19052 --- [http-nio-8080-exec-1] i.t.t.m.a.e.EventsApiManagingService     : Trying to get context by recipient id
2018-06-13 15:31:12.883  INFO 19052 --- [http-nio-8080-exec-1] i.t.t.m.FacebookResponseMessageSender    : Start sending message .....
2018-06-13 15:31:12.928  INFO 19052 --- [http-nio-8080-exec-1] i.t.t.m.FacebookResponseMessageSender    : {"recipient":{"id":"1911891875549109"},"message":{"text":null,"attachment":{"payload":{"elements":[{"title":"JEE-CONF","subtitle":"conference","buttons":[{"type":"web_url","url":"https://jeeconf.com/","title":"JEE-CONF","webview_height_ratio":"tall","messenger_extensions":true,"fallback_url":"https://jeeconf.com/"}],"image_url":"https://www.colourbox.com/preview/2300001-fantastic-abstract-design-with-magic-hat-on-a-dark-background.jpg"},{"title":"Speakers","subtitle":null,"buttons":[{"type":"postback","title":"Speakers","payload":"PostbackSpeakers"}],"image_url":"https://www.colourbox.com/preview/2300001-fantastic-abstract-design-with-magic-hat-on-a-dark-background.jpg"},{"title":"Sessions","subtitle":null,"buttons":[{"type":"postback","title":"Sessions","payload":"PostbackSessions"}],"image_url":"https://www.colourbox.com/preview/2300001-fantastic-abstract-design-with-magic-hat-on-a-dark-background.jpg"},{"title":"Add new","subtitle":null,"buttons":[{"type":"postback","title":"Add New","payload":"PostbackAddNew"}],"image_url":"https://www.colourbox.com/preview/2300001-fantastic-abstract-design-with-magic-hat-on-a-dark-background.jpg"}],"buttons":null,"template_type":"list","top_element_style":"large"},"type":"template"},"quick_replies":null}}
2018-06-13 15:31:14.679  INFO 19052 --- [http-nio-8080-exec-1] i.t.t.m.FacebookResponseMessageSender    : Message has been sended
2018-06-13 15:31:31.082  INFO 19052 --- [http-nio-8080-exec-2] i.t.t.m.DecisionMakingAnswerService      : Received message
2018-06-13 15:31:31.083  INFO 19052 --- [http-nio-8080-exec-2] i.t.t.m.DecisionMakingAnswerService      : Calling postback executor
2018-06-13 15:31:31.083  INFO 19052 --- [http-nio-8080-exec-2] i.t.t.m.a.e.EventsApiManagingService     : Trying to get context by recipient id
2018-06-13 15:31:31.119  INFO 19052 --- [http-nio-8080-exec-2] i.t.t.manager.ServiceCallbackExecutor    : Received get speakers message
2018-06-13 15:31:31.120  INFO 19052 --- [http-nio-8080-exec-2] i.t.t.m.a.e.EventsApiManagingService     : Trying to get message from localhost speakers
2018-06-13 15:31:31.368  INFO 19052 --- [http-nio-8080-exec-2] i.t.t.m.DecisionMakingAnswerService      : Size = 4
2018-06-13 15:31:31.370  INFO 19052 --- [http-nio-8080-exec-2] i.t.t.m.FacebookResponseMessageSender    : Start sending message .....
2018-06-13 15:31:31.375  INFO 19052 --- [http-nio-8080-exec-2] i.t.t.m.FacebookResponseMessageSender    : {"recipient":{"id":"1911891875549109"},"message":{"text":null,"attachment":{"payload":{"elements":[{"title":"Patric Dempsey","subtitle":"This is test text","buttons":[{"type":"postback","title":"Sessions","payload":"GetSessions?id=1"}],"image_url":"https://images.unsplash.com/photo-1496302662116-35cc4f36df92?ixlib=rb-0.3.5&ixid=eyJhcHBfaWQiOjEyMDd9&s=1b2e63f809ee9ca601c68827830e6480","default_action":null},{"title":"John Carter","subtitle":"Bachelor of NULP","buttons":[{"type":"postback","title":"Sessions","payload":"GetSessions?id=2"}],"image_url":"https://images.unsplash.com/photo-1508243529287-e21914733111?ixlib=rb-0.3.5&ixid=eyJhcHBfaWQiOjEyMDd9&s=12b0736096152557b11b1b3b0fa3cea4&auto=format&fit=crop&w=1350&q=80","default_action":null},{"title":"Lizz  Outer","subtitle":"Cop from NYC","buttons":[{"type":"postback","title":"Sessions","payload":"GetSessions?id=3"}],"image_url":"https://images.unsplash.com/photo-1523622805393-a76e08d71e79?ixlib=rb-0.3.5&ixid=eyJhcHBfaWQiOjEyMDd9&s=dbd097f5f88cda93dc1b0c72bde6cd27&auto=format&fit=crop&w=1350&q=80","default_action":null},{"title":"Kate Owl","subtitle":"Just a girl","buttons":[{"type":"postback","title":"Sessions","payload":"GetSessions?id=4"}],"image_url":"https://images.unsplash.com/photo-1505551815015-9742d2cfb084?ixlib=rb-0.3.5&ixid=eyJhcHBfaWQiOjEyMDd9&s=5e729a3eb66f65cc82d926a25f10b66a&auto=format&fit=crop&w=1352&q=80","default_action":null}],"template_type":"generic"},"type":"template"},"quick_replies":null}}
2018-06-13 15:31:31.817  INFO 19052 --- [http-nio-8080-exec-2] i.t.t.m.FacebookResponseMessageSender    : Message has been sended
2018-06-13 15:31:42.085  INFO 19052 --- [http-nio-8080-exec-5] i.t.t.m.DecisionMakingAnswerService      : Received message
2018-06-13 15:31:42.085  INFO 19052 --- [http-nio-8080-exec-5] i.t.t.m.DecisionMakingAnswerService      : Calling postback executor
2018-06-13 15:31:42.086  INFO 19052 --- [http-nio-8080-exec-5] i.t.t.m.a.e.EventsApiManagingService     : Trying to get context by recipient id
2018-06-13 15:31:42.112  INFO 19052 --- [http-nio-8080-exec-5] i.t.t.m.a.e.EventsApiManagingService     : Trying to get Sessions by Speaker Id
2018-06-13 15:31:42.229  INFO 19052 --- [http-nio-8080-exec-5] i.t.t.m.DecisionMakingAnswerService      : Size = 1
2018-06-13 15:31:42.230  INFO 19052 --- [http-nio-8080-exec-5] i.t.t.m.FacebookResponseMessageSender    : Start sending message .....
2018-06-13 15:31:42.231  INFO 19052 --- [http-nio-8080-exec-5] i.t.t.m.FacebookResponseMessageSender    : {"recipient":{"id":"1911891875549109"},"message":{"text":null,"attachment":{"payload":{"elements":[{"title":"New in Java world 22.05 12:00-15:30","subtitle":"Find out first about the newest things in Java!","buttons":[{"type":"postback","title":"Speakers","payload":"GetSpeakers?id=3"}],"image_url":null,"default_action":null}],"template_type":"generic"},"type":"template"},"quick_replies":null}}
2018-06-13 15:31:42.826  INFO 19052 --- [http-nio-8080-exec-5] i.t.t.m.FacebookResponseMessageSender    : Message has been sended
2018-06-13 15:31:48.550  INFO 19052 --- [http-nio-8080-exec-6] i.t.t.m.DecisionMakingAnswerService      : Received message
2018-06-13 15:31:48.551  INFO 19052 --- [http-nio-8080-exec-6] i.t.t.m.DecisionMakingAnswerService      : Calling postback executor
2018-06-13 15:31:48.552  INFO 19052 --- [http-nio-8080-exec-6] i.t.t.m.a.e.EventsApiManagingService     : Trying to get context by recipient id
2018-06-13 15:31:48.582  INFO 19052 --- [http-nio-8080-exec-6] i.t.t.manager.ServiceCallbackExecutor    : Received get sessions message
2018-06-13 15:31:48.583  INFO 19052 --- [http-nio-8080-exec-6] i.t.t.m.a.e.EventsApiManagingService     : Trying to get message from localhost sessions
2018-06-13 15:31:48.657  INFO 19052 --- [http-nio-8080-exec-6] i.t.t.m.DecisionMakingAnswerService      : Size = 3
2018-06-13 15:31:48.658  INFO 19052 --- [http-nio-8080-exec-6] i.t.t.m.FacebookResponseMessageSender    : Start sending message .....
2018-06-13 15:31:48.658  INFO 19052 --- [http-nio-8080-exec-6] i.t.t.m.FacebookResponseMessageSender    : {"recipient":{"id":"1911891875549109"},"message":{"text":null,"attachment":{"payload":{"elements":[{"title":"Advantges of Groovy  20.05 13:00-15:30","subtitle":"The most useful info about Groovy","buttons":[{"type":"postback","title":"Speakers","payload":"GetSpeakers?id=1"}],"image_url":"https://www.colourbox.com/preview/2300001-fantastic-abstract-design-with-magic-hat-on-a-dark-background.jpg"},{"title":"More productivity!  21.05 14:00-17:45","subtitle":"Learn, how to forse your app be faster!","buttons":[{"type":"postback","title":"Speakers","payload":"GetSpeakers?id=2"}],"image_url":"https://www.colourbox.com/preview/2300001-fantastic-abstract-design-with-magic-hat-on-a-dark-background.jpg"},{"title":"New in Java world  22.05 12:00-15:30","subtitle":"Find out first about the newest things in Java!","buttons":[{"type":"postback","title":"Speakers","payload":"GetSpeakers?id=3"}],"image_url":"https://www.colourbox.com/preview/2300001-fantastic-abstract-design-with-magic-hat-on-a-dark-background.jpg"}],"buttons":null,"template_type":"list","top_element_style":"compact"},"type":"template"},"quick_replies":null}}
2018-06-13 15:31:49.645  INFO 19052 --- [http-nio-8080-exec-6] i.t.t.m.FacebookResponseMessageSender    : Message has been sended
2018-06-13 15:32:15.800  INFO 19052 --- [http-nio-8080-exec-9] i.t.t.m.DecisionMakingAnswerService      : Received message
2018-06-13 15:32:15.801  INFO 19052 --- [http-nio-8080-exec-9] i.t.t.m.DecisionMakingAnswerService      : Calling postback executor
2018-06-13 15:32:15.801  INFO 19052 --- [http-nio-8080-exec-9] i.t.t.m.a.e.EventsApiManagingService     : Trying to get context by recipient id
2018-06-13 15:32:15.825  INFO 19052 --- [http-nio-8080-exec-9] i.t.t.m.a.e.EventsApiManagingService     : trying to get Speakers by Session Id
2018-06-13 15:32:15.894  INFO 19052 --- [http-nio-8080-exec-9] i.t.t.m.DecisionMakingAnswerService      : Size = 1
2018-06-13 15:32:15.895  INFO 19052 --- [http-nio-8080-exec-9] i.t.t.m.FacebookResponseMessageSender    : Start sending message .....
2018-06-13 15:32:15.896  INFO 19052 --- [http-nio-8080-exec-9] i.t.t.m.FacebookResponseMessageSender    : {"recipient":{"id":"1911891875549109"},"message":{"text":null,"attachment":{"payload":{"elements":[{"title":"Kate Owl","subtitle":"Just a girl","buttons":[{"type":"postback","title":"Sessions","payload":"GetSessions?id=4"}],"image_url":"https://images.unsplash.com/photo-1505551815015-9742d2cfb084?ixlib=rb-0.3.5&ixid=eyJhcHBfaWQiOjEyMDd9&s=5e729a3eb66f65cc82d926a25f10b66a&auto=format&fit=crop&w=1352&q=80","default_action":null}],"template_type":"generic"},"type":"template"},"quick_replies":null}}
2018-06-13 15:32:16.324  INFO 19052 --- [http-nio-8080-exec-9] i.t.t.m.FacebookResponseMessageSender    : Message has been sended
2018-06-13 15:32:21.864  INFO 19052 --- [http-nio-8080-exec-1] i.t.t.m.DecisionMakingAnswerService      : Received message
2018-06-13 15:32:21.865  INFO 19052 --- [http-nio-8080-exec-1] i.t.t.m.DecisionMakingAnswerService      : Calling postback executor
2018-06-13 15:32:21.865  INFO 19052 --- [http-nio-8080-exec-1] i.t.t.m.a.e.EventsApiManagingService     : Trying to get context by recipient id
2018-06-13 15:32:21.881  INFO 19052 --- [http-nio-8080-exec-1] i.t.t.manager.ServiceCallbackExecutor    : Received add new tab command 
2018-06-13 15:32:21.881  INFO 19052 --- [http-nio-8080-exec-1] i.t.tasker.manager.QuickRepliesService   : Received send quick replies for new tab command
2018-06-13 15:32:21.883  INFO 19052 --- [http-nio-8080-exec-1] i.t.t.m.FacebookResponseMessageSender    : Start sending message .....
2018-06-13 15:32:21.892  INFO 19052 --- [http-nio-8080-exec-1] i.t.t.m.FacebookResponseMessageSender    : {"recipient":{"id":"1911891875549109"},"message":{"text":"If you want to add new Session or Speaker, just press the suitable button","attachment":null,"quick_replies":[{"title":"Add new Speaker","payload":"AddNewSpeaker","content_type":"text","image_url":null},{"title":"Add new Session","payload":"AddNewSession","content_type":"text","image_url":null}]}}
2018-06-13 15:32:22.219  INFO 19052 --- [http-nio-8080-exec-1] i.t.t.m.FacebookResponseMessageSender    : Message has been sended
2018-06-13 15:32:26.392  INFO 19052 --- [http-nio-8080-exec-2] i.t.t.m.DecisionMakingAnswerService      : Received message
2018-06-13 15:32:26.393  INFO 19052 --- [http-nio-8080-exec-2] i.t.t.m.DecisionMakingAnswerService      : Calling text executor
2018-06-13 15:32:26.393  INFO 19052 --- [http-nio-8080-exec-2] i.t.t.manager.ServiceCallbackExecutor    : Add new Session
2018-06-13 15:32:26.393  INFO 19052 --- [http-nio-8080-exec-2] i.t.t.m.a.e.EventsApiManagingService     : Trying to get context by recipient id
2018-06-13 15:32:26.852  INFO 19052 --- [http-nio-8080-exec-2] internship.task.tasker.manager.Answerer  : Sending text message .......
2018-06-13 15:32:26.852  INFO 19052 --- [http-nio-8080-exec-2] i.t.t.m.FacebookResponseMessageSender    : Start sending message .....
2018-06-13 15:32:26.852  INFO 19052 --- [http-nio-8080-exec-2] i.t.t.m.FacebookResponseMessageSender    : {"recipient":{"id":"1911891875549109"},"message":{"text":"Please, input the name of your Session","attachment":null,"quick_replies":null}}
2018-06-13 15:32:27.124  INFO 19052 --- [http-nio-8080-exec-2] i.t.t.m.FacebookResponseMessageSender    : Message has been sended
